<?xml version="1.0" encoding="UTF-8"?>
<!-- Generated by org.testng.reporters.JUnitXMLReporter -->
<testsuite hostname="DESKTOP-4JQCKJ4" ignored="0" name="Login" tests="2" failures="1" timestamp="2020-06-22T07:44:19 NPT" time="18.908" errors="0">
  <testcase name="extractData" time="0.002" classname="testCases.Login"/>
  <testcase name="login" time="3.084" classname="testCases.Login">
    <failure type="junit.framework.ComparisonFailure" message="expected:&amp;lt;[Daraz.com.np: Online Shopping Nepal - Mobiles, Tablets, Home Appliances, TV, Audio &amp;amp; More]&amp;gt; but was:&amp;lt;[Manage My Account]&amp;gt;">
      <![CDATA[junit.framework.ComparisonFailure: expected:<[Daraz.com.np: Online Shopping Nepal - Mobiles, Tablets, Home Appliances, TV, Audio &amp; More]> but was:<[Manage My Account]>
at junit.framework.Assert.assertEquals(Assert.java:85)
at junit.framework.Assert.assertEquals(Assert.java:91)
at testCases.Login.login(Login.java:82)
at java.util.ArrayList.forEach(Unknown Source)
... Removed 27 stack frames]]>
    </failure>
  </testcase> <!-- login -->
</testsuite> <!-- Login -->
