<?xml version="1.0" encoding="UTF-8"?>
<testng-results skipped="0" failed="1" ignored="0" total="4" passed="3">
  <reporter-output>
  </reporter-output>
  <suite name="Suite" duration-ms="52244" started-at="2020-06-22T07:43:27 NPT" finished-at="2020-06-22T07:44:19 NPT">
    <groups>
    </groups>
    <test name="Register" duration-ms="33307" started-at="2020-06-22T07:43:27 NPT" finished-at="2020-06-22T07:44:00 NPT">
      <class name="testCases.Register">
        <test-method status="PASS" signature="setUp()[pri:0, instance:testCases.Register@2353b3e6]" name="setUp" is-config="true" duration-ms="18115" started-at="2020-06-22T07:43:27 NPT" finished-at="2020-06-22T07:43:45 NPT">
          <reporter-output>
          </reporter-output>
        </test-method> <!-- setUp -->
        <test-method status="PASS" signature="extractData()[pri:0, instance:testCases.Register@2353b3e6]" name="extractData" duration-ms="19" started-at="2020-06-22T07:43:45 NPT" finished-at="2020-06-22T07:43:45 NPT">
          <reporter-output>
          </reporter-output>
        </test-method> <!-- extractData -->
        <test-method status="PASS" signature="register()[pri:0, instance:testCases.Register@2353b3e6]" name="register" duration-ms="14782" started-at="2020-06-22T07:43:45 NPT" depends-on-methods="testCases.Register.extractData" finished-at="2020-06-22T07:44:00 NPT">
          <reporter-output>
          </reporter-output>
        </test-method> <!-- register -->
        <test-method status="PASS" signature="tearDown()[pri:0, instance:testCases.Register@2353b3e6]" name="tearDown" is-config="true" duration-ms="314" started-at="2020-06-22T07:44:00 NPT" finished-at="2020-06-22T07:44:00 NPT">
          <reporter-output>
          </reporter-output>
        </test-method> <!-- tearDown -->
      </class> <!-- testCases.Register -->
    </test> <!-- Register -->
    <test name="Login" duration-ms="18908" started-at="2020-06-22T07:44:00 NPT" finished-at="2020-06-22T07:44:19 NPT">
      <class name="testCases.Login">
        <test-method status="PASS" signature="setUp()[pri:0, instance:testCases.Login@7b69c6ba]" name="setUp" is-config="true" duration-ms="15722" started-at="2020-06-22T07:44:00 NPT" finished-at="2020-06-22T07:44:16 NPT">
          <reporter-output>
          </reporter-output>
        </test-method> <!-- setUp -->
        <test-method status="PASS" signature="extractData()[pri:0, instance:testCases.Login@7b69c6ba]" name="extractData" duration-ms="2" started-at="2020-06-22T07:44:16 NPT" finished-at="2020-06-22T07:44:16 NPT">
          <reporter-output>
          </reporter-output>
        </test-method> <!-- extractData -->
        <test-method status="FAIL" signature="login()[pri:0, instance:testCases.Login@7b69c6ba]" name="login" duration-ms="3084" started-at="2020-06-22T07:44:16 NPT" depends-on-methods="testCases.Login.extractData" finished-at="2020-06-22T07:44:19 NPT">
          <exception class="junit.framework.ComparisonFailure">
            <message>
              <![CDATA[expected:<[Daraz.com.np: Online Shopping Nepal - Mobiles, Tablets, Home Appliances, TV, Audio &amp; More]> but was:<[Manage My Account]>]]>
            </message>
            <full-stacktrace>
              <![CDATA[junit.framework.ComparisonFailure: expected:<[Daraz.com.np: Online Shopping Nepal - Mobiles, Tablets, Home Appliances, TV, Audio &amp; More]> but was:<[Manage My Account]>
at junit.framework.Assert.assertEquals(Assert.java:85)
at junit.framework.Assert.assertEquals(Assert.java:91)
at testCases.Login.login(Login.java:82)
at sun.reflect.NativeMethodAccessorImpl.invoke0(Native Method)
at sun.reflect.NativeMethodAccessorImpl.invoke(Unknown Source)
at sun.reflect.DelegatingMethodAccessorImpl.invoke(Unknown Source)
at java.lang.reflect.Method.invoke(Unknown Source)
at org.testng.internal.MethodInvocationHelper.invokeMethod(MethodInvocationHelper.java:135)
at org.testng.internal.TestInvoker.invokeMethod(TestInvoker.java:598)
at org.testng.internal.TestInvoker.invokeTestMethod(TestInvoker.java:174)
at org.testng.internal.MethodRunner.runInSequence(MethodRunner.java:46)
at org.testng.internal.TestInvoker$MethodInvocationAgent.invoke(TestInvoker.java:821)
at org.testng.internal.TestInvoker.invokeTestMethods(TestInvoker.java:147)
at org.testng.internal.TestMethodWorker.invokeTestMethods(TestMethodWorker.java:146)
at org.testng.internal.TestMethodWorker.run(TestMethodWorker.java:128)
at java.util.ArrayList.forEach(Unknown Source)
at org.testng.TestRunner.privateRun(TestRunner.java:767)
at org.testng.TestRunner.run(TestRunner.java:588)
at org.testng.SuiteRunner.runTest(SuiteRunner.java:384)
at org.testng.SuiteRunner.runSequentially(SuiteRunner.java:378)
at org.testng.SuiteRunner.privateRun(SuiteRunner.java:337)
at org.testng.SuiteRunner.run(SuiteRunner.java:286)
at org.testng.SuiteRunnerWorker.runSuite(SuiteRunnerWorker.java:53)
at org.testng.SuiteRunnerWorker.run(SuiteRunnerWorker.java:96)
at org.testng.TestNG.runSuitesSequentially(TestNG.java:1214)
at org.testng.TestNG.runSuitesLocally(TestNG.java:1136)
at org.testng.TestNG.runSuites(TestNG.java:1066)
at org.testng.TestNG.run(TestNG.java:1034)
at org.testng.remote.AbstractRemoteTestNG.run(AbstractRemoteTestNG.java:115)
at org.testng.remote.RemoteTestNG.initAndRun(RemoteTestNG.java:251)
at org.testng.remote.RemoteTestNG.main(RemoteTestNG.java:77)
]]>
            </full-stacktrace>
          </exception> <!-- junit.framework.ComparisonFailure -->
          <reporter-output>
          </reporter-output>
        </test-method> <!-- login -->
        <test-method status="PASS" signature="tearDown()[pri:0, instance:testCases.Login@7b69c6ba]" name="tearDown" is-config="true" duration-ms="90" started-at="2020-06-22T07:44:19 NPT" finished-at="2020-06-22T07:44:19 NPT">
          <reporter-output>
          </reporter-output>
        </test-method> <!-- tearDown -->
      </class> <!-- testCases.Login -->
    </test> <!-- Login -->
  </suite> <!-- Suite -->
</testng-results>
